<?xml version="1.0" encoding="UTF-8"?>
<testsuite name="com.vitorpamplona.vespasearch.query.YqlTest" tests="6" skipped="0" failures="0" errors="0" timestamp="2026-07-01T16:45:51.976Z" hostname="vm" time="0.081">
  <properties/>
  <testcase name="fuzzy budget disabled below 4 chars, 1 edit otherwise()" classname="com.vitorpamplona.vespasearch.query.YqlTest" time="0.03"/>
  <testcase name="build joins per-word groups and a whole-token joined variant without grams()" classname="com.vitorpamplona.vespasearch.query.YqlTest" time="0.039"/>
  <testcase name="long word has exact, prefix and fuzzy across the three text fields()" classname="com.vitorpamplona.vespasearch.query.YqlTest" time="0.002"/>
  <testcase name="short word has no fuzzy clause()" classname="com.vitorpamplona.vespasearch.query.YqlTest" time="0.001"/>
  <testcase name="gram clause empty for words shorter than gram size()" classname="com.vitorpamplona.vespasearch.query.YqlTest" time="0.0"/>
  <testcase name="gram clause ANDs every trigram()" classname="com.vitorpamplona.vespasearch.query.YqlTest" time="0.001"/>
  <system-out><![CDATA[]]></system-out>
  <system-err><![CDATA[]]></system-err>
</testsuite>
